<?xml version="1.0" encoding="UTF-8"?>
<!-- Generated by org.testng.reporters.JUnitReportReporter -->
<testsuite hostname="DESKTOP-PFG7E2J" failures="0" tests="1" name="test_Runner.Cucumber_Test_Runner" time="39.176" errors="0" timestamp="2024-03-06T16:40:39 IST" skipped="0">
  <testcase classname="test_Runner.Cucumber_Test_Runner" name="runScenario" time="39.176"/>
</testsuite> <!-- test_Runner.Cucumber_Test_Runner -->
